<?xml version="1.0" encoding="UTF-8"?>
<!-- Generated by org.testng.reporters.JUnitReportReporter -->
<testsuite hostname="DESKTOP-FI1C1CI" failures="0" tests="1" name="tests.LogInPageTest" time="6.404" errors="0" timestamp="2022-10-14T13:21:05 BDT" skipped="0">
  <testcase classname="tests.LogInPageTest" name="ClickOnSignIn" time="6.404"/>
  <system-out/>
</testsuite> <!-- tests.LogInPageTest -->
