<?xml version="1.0" encoding="UTF-8"?>
<!-- Generated by org.testng.reporters.JUnitReportReporter -->
<testsuite hostname="DESKTOP-FI1C1CI" failures="0" tests="1" name="tests.HomePageTest" time="27.679" errors="0" timestamp="2022-10-31T18:47:22 BDT" skipped="0">
  <testcase classname="tests.HomePageTest" name="SignIn" time="27.679"/>
  <system-out/>
</testsuite> <!-- tests.HomePageTest -->
